Start testing: Aug 30 22:01 CEST
----------------------------------------------------------
1/1 Testing: qa_corr_dist_estimator_bfi
1/1 Test: qa_corr_dist_estimator_bfi
Command: "/usr/bin/sh" "/home/jonas/Documents/university/SDR-Positioning-System/gnuradio/CodeRadar/gr-lab_radar/build/python/qa_corr_dist_estimator_bfi_test.sh"
Directory: /home/jonas/Documents/university/SDR-Positioning-System/gnuradio/CodeRadar/gr-lab_radar/build/python
"qa_corr_dist_estimator_bfi" start time: Aug 30 22:01 CEST
Output:
----------------------------------------------------------
..
----------------------------------------------------------------------
Ran 2 tests in 0.143s

OK
distances:(0.0,)
peaks:(0.43410852551460266,)
offsets:(940.0,)
expected: peak = 0.43410852713178294, offset=940
<end of output>
Test time =   1.00 sec
----------------------------------------------------------
Test Passed.
"qa_corr_dist_estimator_bfi" end time: Aug 30 22:01 CEST
"qa_corr_dist_estimator_bfi" time elapsed: 00:00:01
----------------------------------------------------------

End testing: Aug 30 22:01 CEST
