Start testing: Sep 03 13:33 CEST
----------------------------------------------------------
1/1 Testing: qa_corr_dist_estimator_bfi
1/1 Test: qa_corr_dist_estimator_bfi
Command: "/usr/bin/sh" "/home/dominik/Dokumente/Uni/Master/Sem2/Telecom/lab/radar/SDR-Positioning-System/gnuradio/CodeRadar/gr-lab_radar/build/python/qa_corr_dist_estimator_bfi_test.sh"
Directory: /home/dominik/Dokumente/Uni/Master/Sem2/Telecom/lab/radar/SDR-Positioning-System/gnuradio/CodeRadar/gr-lab_radar/build/python
"qa_corr_dist_estimator_bfi" start time: Sep 03 13:33 CEST
Output:
----------------------------------------------------------
.E
======================================================================
ERROR: test_002_t (__main__.qa_corr_dist_estimator_bfi)
----------------------------------------------------------------------
Traceback (most recent call last):
  File "/home/dominik/Dokumente/Uni/Master/Sem2/Telecom/lab/radar/SDR-Positioning-System/gnuradio/CodeRadar/gr-lab_radar/python/qa_corr_dist_estimator_bfi.py", line 164, in test_002_t
    self.blocks_throttle_0_0 = blocks.throttle(gr.sizeof_char*1, samp_rate,True)
NameError: name 'samp_rate' is not defined

----------------------------------------------------------------------
Ran 2 tests in 0.016s

FAILED (errors=1)
<end of output>
Test time =   1.18 sec
----------------------------------------------------------
Test Failed.
"qa_corr_dist_estimator_bfi" end time: Sep 03 13:33 CEST
"qa_corr_dist_estimator_bfi" time elapsed: 00:00:01
----------------------------------------------------------

End testing: Sep 03 13:33 CEST
